2025-06-09 11:25:31.578 [background-preinit] INFO  o.h.validator.internal.util.Version - HV000001: Hibernate Validator 8.0.0.Final
2025-06-09 11:25:31.728 [restartedMain] INFO  c.wastewise.pickup.PickUpApplication - Starting PickUpApplication using Java 21 with PID 14268 (C:\Users\2408560\Downloads\IDP\pickup\target\classes started by 2408560 in C:\Users\2408560\Downloads\IDP\pickup)
2025-06-09 11:25:31.728 [restartedMain] DEBUG c.wastewise.pickup.PickUpApplication - Running with Spring Boot v3.5.0, Spring v6.2.7
2025-06-09 11:25:31.728 [restartedMain] INFO  c.wastewise.pickup.PickUpApplication - No active profile set, falling back to 1 default profile: "default"
2025-06-09 11:25:31.898 [restartedMain] INFO  o.s.b.d.e.DevToolsPropertyDefaultsPostProcessor - Devtools property defaults active! Set 'spring.devtools.add-properties' to 'false' to disable
2025-06-09 11:25:31.898 [restartedMain] INFO  o.s.b.d.e.DevToolsPropertyDefaultsPostProcessor - For additional web related logging consider setting the 'logging.level.web' property to 'DEBUG'
2025-06-09 11:25:34.859 [restartedMain] INFO  o.s.d.r.c.RepositoryConfigurationDelegate - Bootstrapping Spring Data JPA repositories in DEFAULT mode.
2025-06-09 11:25:35.417 [restartedMain] INFO  o.s.d.r.c.RepositoryConfigurationDelegate - Finished Spring Data repository scanning in 522 ms. Found 1 JPA repository interface.
2025-06-09 11:25:35.919 [restartedMain] INFO  o.s.cloud.context.scope.GenericScope - BeanFactory id=70d7edd2-4510-38eb-aefd-de318fb7544a
2025-06-09 11:25:37.279 [restartedMain] INFO  o.s.b.w.e.tomcat.TomcatWebServer - Tomcat initialized with port 8081 (http)
2025-06-09 11:25:37.319 [restartedMain] INFO  o.a.coyote.http11.Http11NioProtocol - Initializing ProtocolHandler ["http-nio-8081"]
2025-06-09 11:25:37.327 [restartedMain] INFO  o.a.catalina.core.StandardService - Starting service [Tomcat]
2025-06-09 11:25:37.327 [restartedMain] INFO  o.a.catalina.core.StandardEngine - Starting Servlet engine: [Apache Tomcat/10.1.41]
2025-06-09 11:25:37.607 [restartedMain] INFO  o.a.c.c.C.[Tomcat].[localhost].[/] - Initializing Spring embedded WebApplicationContext
2025-06-09 11:25:37.607 [restartedMain] INFO  o.s.b.w.s.c.ServletWebServerApplicationContext - Root WebApplicationContext: initialization completed in 5709 ms
2025-06-09 11:25:37.963 [restartedMain] INFO  com.zaxxer.hikari.HikariDataSource - HikariPool-1 - Starting...
2025-06-09 11:25:38.848 [restartedMain] INFO  com.zaxxer.hikari.pool.HikariPool - HikariPool-1 - Added connection com.mysql.cj.jdbc.ConnectionImpl@37a5f77f
2025-06-09 11:25:38.855 [restartedMain] INFO  com.zaxxer.hikari.HikariDataSource - HikariPool-1 - Start completed.
2025-06-09 11:25:39.152 [restartedMain] INFO  o.h.jpa.internal.util.LogHelper - HHH000204: Processing PersistenceUnitInfo [name: default]
2025-06-09 11:25:39.375 [restartedMain] INFO  org.hibernate.Version - HHH000412: Hibernate ORM core version 6.6.15.Final
2025-06-09 11:25:39.521 [restartedMain] INFO  o.h.c.i.RegionFactoryInitiator - HHH000026: Second-level cache disabled
2025-06-09 11:25:40.032 [restartedMain] INFO  o.s.o.j.p.SpringPersistenceUnitInfo - No LoadTimeWeaver setup: ignoring JPA class transformer
2025-06-09 11:25:40.147 [restartedMain] WARN  org.hibernate.orm.deprecation - HHH90000025: MySQL8Dialect does not need to be specified explicitly using 'hibernate.dialect' (remove the property setting and it will be selected by default)
2025-06-09 11:25:40.147 [restartedMain] WARN  org.hibernate.orm.deprecation - HHH90000026: MySQL8Dialect has been deprecated; use org.hibernate.dialect.MySQLDialect instead
2025-06-09 11:25:40.173 [restartedMain] INFO  o.hibernate.orm.connections.pooling - HHH10001005: Database info:
	Database JDBC URL [Connecting through datasource 'HikariDataSource (HikariPool-1)']
	Database driver: undefined/unknown
	Database version: 8.0
	Autocommit mode: undefined/unknown
	Isolation level: undefined/unknown
	Minimum pool size: undefined/unknown
	Maximum pool size: undefined/unknown
2025-06-09 11:25:41.965 [restartedMain] INFO  o.h.e.t.j.p.i.JtaPlatformInitiator - HHH000489: No JTA platform available (set 'hibernate.transaction.jta.platform' to enable JTA platform integration)
2025-06-09 11:25:42.551 [restartedMain] INFO  o.s.o.j.LocalContainerEntityManagerFactoryBean - Initialized JPA EntityManagerFactory for persistence unit 'default'
2025-06-09 11:25:43.853 [restartedMain] WARN  o.s.b.a.o.j.JpaBaseConfiguration$JpaWebConfiguration - spring.jpa.open-in-view is enabled by default. Therefore, database queries may be performed during view rendering. Explicitly configure spring.jpa.open-in-view to disable this warning
2025-06-09 11:25:44.834 [restartedMain] INFO  o.s.b.d.a.OptionalLiveReloadServer - LiveReload server is running on port 35729
2025-06-09 11:25:45.094 [restartedMain] INFO  o.a.coyote.http11.Http11NioProtocol - Starting ProtocolHandler ["http-nio-8081"]
2025-06-09 11:25:45.133 [restartedMain] INFO  o.s.b.w.e.tomcat.TomcatWebServer - Tomcat started on port 8081 (http) with context path '/'
2025-06-09 11:25:45.166 [restartedMain] INFO  c.wastewise.pickup.PickUpApplication - Started PickUpApplication in 14.858 seconds (process running for 16.854)
2025-06-09 11:27:20.009 [http-nio-8081-exec-2] INFO  o.a.c.c.C.[Tomcat].[localhost].[/] - Initializing Spring DispatcherServlet 'dispatcherServlet'
2025-06-09 11:27:20.009 [http-nio-8081-exec-2] INFO  o.s.web.servlet.DispatcherServlet - Initializing Servlet 'dispatcherServlet'
2025-06-09 11:27:20.009 [http-nio-8081-exec-2] INFO  o.s.web.servlet.DispatcherServlet - Completed initialization in 0 ms
2025-06-09 11:27:20.635 [http-nio-8081-exec-2] INFO  c.w.p.controller.PickUpController - POST - /wastewise/scheduler/pickups - payload: CreatePickUpDto(zoneId=Z004, timeSlotStart=2025-06-14T12:00, timeSlotEnd=2025-06-14T13:00, frequency=WEEKLY, locationName=Koregaon Park, vehicleId=V005, worker1Id=W009, worker2Id=W010)
2025-06-09 11:27:20.673 [http-nio-8081-exec-2] INFO  c.w.p.service.impl.PickUpServiceImpl - Received request to create PickUp: CreatePickUpDto(zoneId=Z004, timeSlotStart=2025-06-14T12:00, timeSlotEnd=2025-06-14T13:00, frequency=WEEKLY, locationName=Koregaon Park, vehicleId=V005, worker1Id=W009, worker2Id=W010)
2025-06-09 11:27:20.673 [http-nio-8081-exec-2] DEBUG c.w.p.service.impl.PickUpServiceImpl - MOCK: Zone Z004 validated
2025-06-09 11:27:20.673 [http-nio-8081-exec-2] DEBUG c.w.p.service.impl.PickUpServiceImpl - MOCK: Vehicle V005 validated
2025-06-09 11:27:20.673 [http-nio-8081-exec-2] DEBUG c.w.p.service.impl.PickUpServiceImpl - MOCK: Workers W009 and W010 validated
2025-06-09 11:27:21.017 [http-nio-8081-exec-2] INFO  com.wastewise.pickup.model.PickUp - About to persist new PickUp with ID: P001
2025-06-09 11:27:21.059 [http-nio-8081-exec-2] INFO  c.w.p.service.impl.PickUpServiceImpl - Persisted PickUp with ID: P001
2025-06-09 11:27:21.059 [http-nio-8081-exec-2] DEBUG c.w.p.service.impl.PickUpServiceImpl - MOCK: Logged creation event and marked resources occupied.
2025-06-09 11:27:21.179 [http-nio-8081-exec-2] DEBUG c.w.p.controller.PickUpController - Created PickUp with ID: P001
2025-06-09 11:27:44.546 [SpringApplicationShutdownHook] INFO  o.s.b.w.e.tomcat.GracefulShutdown - Commencing graceful shutdown. Waiting for active requests to complete
2025-06-09 11:27:44.562 [tomcat-shutdown] INFO  o.s.b.w.e.tomcat.GracefulShutdown - Graceful shutdown complete
2025-06-09 11:27:44.632 [SpringApplicationShutdownHook] INFO  o.s.o.j.LocalContainerEntityManagerFactoryBean - Closing JPA EntityManagerFactory for persistence unit 'default'
2025-06-09 11:27:44.688 [SpringApplicationShutdownHook] INFO  com.zaxxer.hikari.HikariDataSource - HikariPool-1 - Shutdown initiated...
2025-06-09 11:27:44.713 [SpringApplicationShutdownHook] INFO  com.zaxxer.hikari.HikariDataSource - HikariPool-1 - Shutdown completed.
